<?xml version="1.0" encoding="UTF-8"?>
<testng-results skipped="0" failed="0" ignored="0" total="1" passed="1">
  <reporter-output>
  </reporter-output>
  <suite name="Suite" duration-ms="2874" started-at="2019-11-17T11:25:06Z" finished-at="2019-11-17T11:25:09Z">
    <groups>
    </groups>
    <test name="Test" duration-ms="2874" started-at="2019-11-17T11:25:06Z" finished-at="2019-11-17T11:25:09Z">
      <class name="Mypackage.TC001_BasicAPI_GET">
        <test-method status="PASS" signature="weather_Code()[pri:0, instance:Mypackage.TC001_BasicAPI_GET@464bee09]" name="weather_Code" duration-ms="2828" started-at="2019-11-17T11:25:06Z" finished-at="2019-11-17T11:25:09Z">
          <reporter-output>
          </reporter-output>
        </test-method> <!-- weather_Code -->
      </class> <!-- Mypackage.TC001_BasicAPI_GET -->
    </test> <!-- Test -->
  </suite> <!-- Suite -->
</testng-results>
